{"C:\\Users\\PC\\gerenciadortarefas\\backend\\middleware\\authMiddleware.js": {"path":"C:\\Users\\PC\\gerenciadortarefas\\backend\\middleware\\authMiddleware.js","statementMap":{"0":{"start":{"line":1,"column":12},"end":{"line":1,"column":35}},"1":{"start":{"line":3,"column":0},"end":{"line":22,"column":2}},"2":{"start":{"line":5,"column":21},"end":{"line":5,"column":48}},"3":{"start":{"line":8,"column":2},"end":{"line":10,"column":3}},"4":{"start":{"line":9,"column":4},"end":{"line":9,"column":87}},"5":{"start":{"line":12,"column":16},"end":{"line":12,"column":40}},"6":{"start":{"line":14,"column":2},"end":{"line":21,"column":3}},"7":{"start":{"line":16,"column":20},"end":{"line":16,"column":61}},"8":{"start":{"line":17,"column":4},"end":{"line":17,"column":23}},"9":{"start":{"line":18,"column":4},"end":{"line":18,"column":11}},"10":{"start":{"line":20,"column":4},"end":{"line":20,"column":57}}},"fnMap":{"0":{"name":"(anonymous_0)","decl":{"start":{"line":3,"column":17},"end":{"line":3,"column":18}},"loc":{"start":{"line":3,"column":42},"end":{"line":22,"column":1}},"line":3}},"branchMap":{"0":{"loc":{"start":{"line":8,"column":2},"end":{"line":10,"column":3}},"type":"if","locations":[{"start":{"line":8,"column":2},"end":{"line":10,"column":3}},{"start":{},"end":{}}],"line":8},"1":{"loc":{"start":{"line":8,"column":6},"end":{"line":8,"column":54}},"type":"binary-expr","locations":[{"start":{"line":8,"column":6},"end":{"line":8,"column":17}},{"start":{"line":8,"column":21},"end":{"line":8,"column":54}}],"line":8}},"s":{"0":3,"1":3,"2":5,"3":5,"4":1,"5":4,"6":4,"7":4,"8":3,"9":3,"10":1},"f":{"0":5},"b":{"0":[1,4],"1":[5,4]},"_coverageSchema":"1a1c01bbd47fc00a2c39e90264f33305004495a9","hash":"44cf96bb3ee3a43eba73428ebb46910ccd9b124c"}
,"C:\\Users\\PC\\gerenciadortarefas\\backend\\models\\ActivityLog.js": {"path":"C:\\Users\\PC\\gerenciadortarefas\\backend\\models\\ActivityLog.js","statementMap":{"0":{"start":{"line":1,"column":13},"end":{"line":1,"column":29}},"1":{"start":{"line":3,"column":20},"end":{"line":26,"column":1}},"2":{"start":{"line":5,"column":18},"end":{"line":10,"column":5}},"3":{"start":{"line":11,"column":19},"end":{"line":11,"column":52}},"4":{"start":{"line":12,"column":4},"end":{"line":12,"column":23}},"5":{"start":{"line":16,"column":18},"end":{"line":20,"column":5}},"6":{"start":{"line":21,"column":19},"end":{"line":21,"column":66}},"7":{"start":{"line":22,"column":19},"end":{"line":22,"column":50}},"8":{"start":{"line":23,"column":4},"end":{"line":23,"column":26}},"9":{"start":{"line":28,"column":0},"end":{"line":28,"column":29}}},"fnMap":{"0":{"name":"(anonymous_0)","decl":{"start":{"line":4,"column":2},"end":{"line":4,"column":3}},"loc":{"start":{"line":4,"column":29},"end":{"line":13,"column":3}},"line":4},"1":{"name":"(anonymous_1)","decl":{"start":{"line":15,"column":2},"end":{"line":15,"column":3}},"loc":{"start":{"line":15,"column":62},"end":{"line":24,"column":3}},"line":15}},"branchMap":{},"s":{"0":3,"1":3,"2":1,"3":1,"4":1,"5":6,"6":6,"7":6,"8":4,"9":3},"f":{"0":1,"1":6},"b":{},"_coverageSchema":"1a1c01bbd47fc00a2c39e90264f33305004495a9","hash":"2204a77baba7ea742c00fab0572c570b95fd1809"}
,"C:\\Users\\PC\\gerenciadortarefas\\backend\\models\\Comment.js": {"path":"C:\\Users\\PC\\gerenciadortarefas\\backend\\models\\Comment.js","statementMap":{"0":{"start":{"line":1,"column":13},"end":{"line":1,"column":29}},"1":{"start":{"line":3,"column":16},"end":{"line":36,"column":1}},"2":{"start":{"line":5,"column":18},"end":{"line":11,"column":5}},"3":{"start":{"line":12,"column":19},"end":{"line":12,"column":52}},"4":{"start":{"line":13,"column":4},"end":{"line":13,"column":23}},"5":{"start":{"line":17,"column":18},"end":{"line":17,"column":56}},"6":{"start":{"line":18,"column":19},"end":{"line":18,"column":55}},"7":{"start":{"line":19,"column":4},"end":{"line":19,"column":26}},"8":{"start":{"line":23,"column":18},"end":{"line":27,"column":5}},"9":{"start":{"line":28,"column":19},"end":{"line":28,"column":66}},"10":{"start":{"line":29,"column":4},"end":{"line":29,"column":26}},"11":{"start":{"line":33,"column":18},"end":{"line":33,"column":54}},"12":{"start":{"line":34,"column":4},"end":{"line":34,"column":41}},"13":{"start":{"line":38,"column":0},"end":{"line":38,"column":25}}},"fnMap":{"0":{"name":"(anonymous_0)","decl":{"start":{"line":4,"column":2},"end":{"line":4,"column":3}},"loc":{"start":{"line":4,"column":29},"end":{"line":14,"column":3}},"line":4},"1":{"name":"(anonymous_1)","decl":{"start":{"line":16,"column":2},"end":{"line":16,"column":3}},"loc":{"start":{"line":16,"column":28},"end":{"line":20,"column":3}},"line":16},"2":{"name":"(anonymous_2)","decl":{"start":{"line":22,"column":2},"end":{"line":22,"column":3}},"loc":{"start":{"line":22,"column":37},"end":{"line":30,"column":3}},"line":22},"3":{"name":"(anonymous_3)","decl":{"start":{"line":32,"column":2},"end":{"line":32,"column":3}},"loc":{"start":{"line":32,"column":26},"end":{"line":35,"column":3}},"line":32}},"branchMap":{},"s":{"0":3,"1":3,"2":1,"3":1,"4":1,"5":2,"6":2,"7":2,"8":3,"9":3,"10":3,"11":1,"12":1,"13":3},"f":{"0":1,"1":2,"2":3,"3":1},"b":{},"_coverageSchema":"1a1c01bbd47fc00a2c39e90264f33305004495a9","hash":"2addbf5c15bdb747cd6b4634faf5331bc2bb24ee"}
,"C:\\Users\\PC\\gerenciadortarefas\\backend\\models\\Task.js": {"path":"C:\\Users\\PC\\gerenciadortarefas\\backend\\models\\Task.js","statementMap":{"0":{"start":{"line":1,"column":13},"end":{"line":1,"column":29}},"1":{"start":{"line":3,"column":13},"end":{"line":110,"column":1}},"2":{"start":{"line":15,"column":8},"end":{"line":15,"column":16}},"3":{"start":{"line":17,"column":4},"end":{"line":29,"column":5}},"4":{"start":{"line":18,"column":23},"end":{"line":18,"column":33}},"5":{"start":{"line":20,"column":18},"end":{"line":20,"column":40}},"6":{"start":{"line":21,"column":18},"end":{"line":21,"column":66}},"7":{"start":{"line":22,"column":18},"end":{"line":22,"column":61}},"8":{"start":{"line":24,"column":25},"end":{"line":24,"column":47}},"9":{"start":{"line":26,"column":6},"end":{"line":28,"column":7}},"10":{"start":{"line":27,"column":8},"end":{"line":27,"column":74}},"11":{"start":{"line":31,"column":34},"end":{"line":31,"column":107}},"12":{"start":{"line":32,"column":32},"end":{"line":32,"column":80}},"13":{"start":{"line":34,"column":4},"end":{"line":36,"column":5}},"14":{"start":{"line":35,"column":6},"end":{"line":35,"column":45}},"15":{"start":{"line":38,"column":28},"end":{"line":38,"column":70}},"16":{"start":{"line":39,"column":29},"end":{"line":39,"column":37}},"17":{"start":{"line":40,"column":4},"end":{"line":42,"column":5}},"18":{"start":{"line":41,"column":6},"end":{"line":41,"column":43}},"19":{"start":{"line":44,"column":19},"end":{"line":51,"column":5}},"20":{"start":{"line":53,"column":4},"end":{"line":53,"column":26}},"21":{"start":{"line":57,"column":19},"end":{"line":63,"column":5}},"22":{"start":{"line":64,"column":4},"end":{"line":64,"column":23}},"23":{"start":{"line":69,"column":19},"end":{"line":72,"column":5}},"24":{"start":{"line":73,"column":4},"end":{"line":73,"column":26}},"25":{"start":{"line":77,"column":18},"end":{"line":77,"column":74}},"26":{"start":{"line":78,"column":19},"end":{"line":78,"column":59}},"27":{"start":{"line":79,"column":4},"end":{"line":79,"column":26}},"28":{"start":{"line":83,"column":17},"end":{"line":83,"column":40}},"29":{"start":{"line":85,"column":4},"end":{"line":91,"column":5}},"30":{"start":{"line":86,"column":21},"end":{"line":89,"column":7}},"31":{"start":{"line":90,"column":6},"end":{"line":90,"column":28}},"32":{"start":{"line":93,"column":19},"end":{"line":93,"column":82}},"33":{"start":{"line":93,"column":44},"end":{"line":93,"column":70}},"34":{"start":{"line":94,"column":19},"end":{"line":94,"column":44}},"35":{"start":{"line":96,"column":18},"end":{"line":96,"column":121}},"36":{"start":{"line":98,"column":19},"end":{"line":98,"column":71}},"37":{"start":{"line":99,"column":4},"end":{"line":99,"column":26}},"38":{"start":{"line":103,"column":19},"end":{"line":106,"column":5}},"39":{"start":{"line":108,"column":4},"end":{"line":108,"column":26}},"40":{"start":{"line":112,"column":0},"end":{"line":112,"column":22}}},"fnMap":{"0":{"name":"(anonymous_0)","decl":{"start":{"line":4,"column":2},"end":{"line":4,"column":3}},"loc":{"start":{"line":4,"column":33},"end":{"line":54,"column":3}},"line":4},"1":{"name":"(anonymous_1)","decl":{"start":{"line":56,"column":2},"end":{"line":56,"column":3}},"loc":{"start":{"line":56,"column":29},"end":{"line":65,"column":3}},"line":56},"2":{"name":"(anonymous_2)","decl":{"start":{"line":68,"column":2},"end":{"line":68,"column":3}},"loc":{"start":{"line":68,"column":25},"end":{"line":74,"column":3}},"line":68},"3":{"name":"(anonymous_3)","decl":{"start":{"line":76,"column":2},"end":{"line":76,"column":3}},"loc":{"start":{"line":76,"column":35},"end":{"line":80,"column":3}},"line":76},"4":{"name":"(anonymous_4)","decl":{"start":{"line":82,"column":2},"end":{"line":82,"column":3}},"loc":{"start":{"line":82,"column":43},"end":{"line":100,"column":3}},"line":82},"5":{"name":"(anonymous_5)","decl":{"start":{"line":93,"column":28},"end":{"line":93,"column":29}},"loc":{"start":{"line":93,"column":44},"end":{"line":93,"column":70}},"line":93},"6":{"name":"(anonymous_6)","decl":{"start":{"line":102,"column":2},"end":{"line":102,"column":3}},"loc":{"start":{"line":102,"column":31},"end":{"line":109,"column":3}},"line":102}},"branchMap":{"0":{"loc":{"start":{"line":14,"column":6},"end":{"line":14,"column":19}},"type":"default-arg","locations":[{"start":{"line":14,"column":14},"end":{"line":14,"column":19}}],"line":14},"1":{"loc":{"start":{"line":17,"column":4},"end":{"line":29,"column":5}},"type":"if","locations":[{"start":{"line":17,"column":4},"end":{"line":29,"column":5}},{"start":{},"end":{}}],"line":17},"2":{"loc":{"start":{"line":26,"column":6},"end":{"line":28,"column":7}},"type":"if","locations":[{"start":{"line":26,"column":6},"end":{"line":28,"column":7}},{"start":{},"end":{}}],"line":26},"3":{"loc":{"start":{"line":34,"column":4},"end":{"line":36,"column":5}},"type":"if","locations":[{"start":{"line":34,"column":4},"end":{"line":36,"column":5}},{"start":{},"end":{}}],"line":34},"4":{"loc":{"start":{"line":40,"column":4},"end":{"line":42,"column":5}},"type":"if","locations":[{"start":{"line":40,"column":4},"end":{"line":42,"column":5}},{"start":{},"end":{}}],"line":40},"5":{"loc":{"start":{"line":40,"column":8},"end":{"line":40,"column":72}},"type":"binary-expr","locations":[{"start":{"line":40,"column":8},"end":{"line":40,"column":24}},{"start":{"line":40,"column":28},"end":{"line":40,"column":72}}],"line":40},"6":{"loc":{"start":{"line":85,"column":4},"end":{"line":91,"column":5}},"type":"if","locations":[{"start":{"line":85,"column":4},"end":{"line":91,"column":5}},{"start":{},"end":{}}],"line":85}},"s":{"0":4,"1":4,"2":10,"3":10,"4":10,"5":10,"6":10,"7":10,"8":10,"9":10,"10":1,"11":9,"12":9,"13":9,"14":1,"15":8,"16":8,"17":8,"18":1,"19":7,"20":7,"21":1,"22":1,"23":3,"24":3,"25":3,"26":3,"27":3,"28":3,"29":3,"30":1,"31":1,"32":2,"33":6,"34":2,"35":2,"36":2,"37":2,"38":2,"39":2,"40":4},"f":{"0":10,"1":1,"2":3,"3":3,"4":3,"5":6,"6":2},"b":{"0":[10],"1":[10,0],"2":[1,9],"3":[1,8],"4":[1,7],"5":[8,7],"6":[1,2]},"_coverageSchema":"1a1c01bbd47fc00a2c39e90264f33305004495a9","hash":"bcedf107d36f570a2c8a4d9538178c9a8bf7d606"}
,"C:\\Users\\PC\\gerenciadortarefas\\backend\\models\\User.js": {"path":"C:\\Users\\PC\\gerenciadortarefas\\backend\\models\\User.js","statementMap":{"0":{"start":{"line":1,"column":13},"end":{"line":1,"column":29}},"1":{"start":{"line":3,"column":13},"end":{"line":68,"column":1}},"2":{"start":{"line":11,"column":4},"end":{"line":29,"column":5}},"3":{"start":{"line":12,"column":21},"end":{"line":15,"column":7}},"4":{"start":{"line":16,"column":6},"end":{"line":16,"column":28}},"5":{"start":{"line":19,"column":6},"end":{"line":25,"column":7}},"6":{"start":{"line":20,"column":8},"end":{"line":24,"column":9}},"7":{"start":{"line":21,"column":10},"end":{"line":21,"column":66}},"8":{"start":{"line":22,"column":15},"end":{"line":24,"column":9}},"9":{"start":{"line":23,"column":10},"end":{"line":23,"column":57}},"10":{"start":{"line":28,"column":6},"end":{"line":28,"column":65}},"11":{"start":{"line":38,"column":19},"end":{"line":41,"column":5}},"12":{"start":{"line":42,"column":4},"end":{"line":42,"column":26}},"13":{"start":{"line":50,"column":19},"end":{"line":53,"column":5}},"14":{"start":{"line":54,"column":4},"end":{"line":54,"column":26}},"15":{"start":{"line":62,"column":19},"end":{"line":65,"column":5}},"16":{"start":{"line":66,"column":4},"end":{"line":66,"column":26}},"17":{"start":{"line":70,"column":0},"end":{"line":70,"column":22}}},"fnMap":{"0":{"name":"(anonymous_0)","decl":{"start":{"line":10,"column":2},"end":{"line":10,"column":3}},"loc":{"start":{"line":10,"column":44},"end":{"line":30,"column":3}},"line":10},"1":{"name":"(anonymous_1)","decl":{"start":{"line":37,"column":2},"end":{"line":37,"column":3}},"loc":{"start":{"line":37,"column":21},"end":{"line":43,"column":3}},"line":37},"2":{"name":"(anonymous_2)","decl":{"start":{"line":49,"column":2},"end":{"line":49,"column":3}},"loc":{"start":{"line":49,"column":27},"end":{"line":55,"column":3}},"line":49},"3":{"name":"(anonymous_3)","decl":{"start":{"line":61,"column":2},"end":{"line":61,"column":3}},"loc":{"start":{"line":61,"column":42},"end":{"line":67,"column":3}},"line":61}},"branchMap":{"0":{"loc":{"start":{"line":19,"column":6},"end":{"line":25,"column":7}},"type":"if","locations":[{"start":{"line":19,"column":6},"end":{"line":25,"column":7}},{"start":{},"end":{}}],"line":19},"1":{"loc":{"start":{"line":20,"column":8},"end":{"line":24,"column":9}},"type":"if","locations":[{"start":{"line":20,"column":8},"end":{"line":24,"column":9}},{"start":{"line":22,"column":15},"end":{"line":24,"column":9}}],"line":20},"2":{"loc":{"start":{"line":22,"column":15},"end":{"line":24,"column":9}},"type":"if","locations":[{"start":{"line":22,"column":15},"end":{"line":24,"column":9}},{"start":{},"end":{}}],"line":22},"3":{"loc":{"start":{"line":28,"column":22},"end":{"line":28,"column":63}},"type":"binary-expr","locations":[{"start":{"line":28,"column":22},"end":{"line":28,"column":35}},{"start":{"line":28,"column":39},"end":{"line":28,"column":63}}],"line":28}},"s":{"0":3,"1":3,"2":4,"3":4,"4":1,"5":3,"6":2,"7":1,"8":1,"9":1,"10":1,"11":4,"12":4,"13":3,"14":3,"15":3,"16":3,"17":3},"f":{"0":4,"1":4,"2":3,"3":3},"b":{"0":[2,1],"1":[1,1],"2":[1,0],"3":[1,0]},"_coverageSchema":"1a1c01bbd47fc00a2c39e90264f33305004495a9","hash":"b78f8e67142de56b95d153b26013b9bbb72d4e44"}
,"C:\\Users\\PC\\gerenciadortarefas\\backend\\utils\\taskUtils.js": {"path":"C:\\Users\\PC\\gerenciadortarefas\\backend\\utils\\taskUtils.js","statementMap":{"0":{"start":{"line":2,"column":4},"end":{"line":2,"column":28}},"1":{"start":{"line":2,"column":18},"end":{"line":2,"column":28}},"2":{"start":{"line":3,"column":28},"end":{"line":3,"column":46}},"3":{"start":{"line":4,"column":4},"end":{"line":4,"column":34}},"4":{"start":{"line":8,"column":4},"end":{"line":8,"column":69}},"5":{"start":{"line":8,"column":41},"end":{"line":8,"column":69}},"6":{"start":{"line":9,"column":4},"end":{"line":9,"column":63}},"7":{"start":{"line":9,"column":37},"end":{"line":9,"column":63}},"8":{"start":{"line":10,"column":4},"end":{"line":10,"column":16}},"9":{"start":{"line":14,"column":2},"end":{"line":14,"column":60}},"10":{"start":{"line":14,"column":34},"end":{"line":14,"column":58}},"11":{"start":{"line":17,"column":2},"end":{"line":21,"column":4}}},"fnMap":{"0":{"name":"formatarData","decl":{"start":{"line":1,"column":9},"end":{"line":1,"column":21}},"loc":{"start":{"line":1,"column":31},"end":{"line":5,"column":3}},"line":1},"1":{"name":"validarCamposTarefa","decl":{"start":{"line":7,"column":11},"end":{"line":7,"column":30}},"loc":{"start":{"line":7,"column":45},"end":{"line":11,"column":3}},"line":7},"2":{"name":"filtrarTarefasPorStatus","decl":{"start":{"line":13,"column":9},"end":{"line":13,"column":32}},"loc":{"start":{"line":13,"column":50},"end":{"line":15,"column":1}},"line":13},"3":{"name":"(anonymous_3)","decl":{"start":{"line":14,"column":24},"end":{"line":14,"column":25}},"loc":{"start":{"line":14,"column":34},"end":{"line":14,"column":58}},"line":14}},"branchMap":{"0":{"loc":{"start":{"line":2,"column":4},"end":{"line":2,"column":28}},"type":"if","locations":[{"start":{"line":2,"column":4},"end":{"line":2,"column":28}},{"start":{},"end":{}}],"line":2},"1":{"loc":{"start":{"line":8,"column":4},"end":{"line":8,"column":69}},"type":"if","locations":[{"start":{"line":8,"column":4},"end":{"line":8,"column":69}},{"start":{},"end":{}}],"line":8},"2":{"loc":{"start":{"line":8,"column":8},"end":{"line":8,"column":39}},"type":"binary-expr","locations":[{"start":{"line":8,"column":8},"end":{"line":8,"column":15}},{"start":{"line":8,"column":19},"end":{"line":8,"column":39}}],"line":8},"3":{"loc":{"start":{"line":9,"column":4},"end":{"line":9,"column":63}},"type":"if","locations":[{"start":{"line":9,"column":4},"end":{"line":9,"column":63}},{"start":{},"end":{}}],"line":9},"4":{"loc":{"start":{"line":9,"column":8},"end":{"line":9,"column":35}},"type":"binary-expr","locations":[{"start":{"line":9,"column":8},"end":{"line":9,"column":13}},{"start":{"line":9,"column":17},"end":{"line":9,"column":35}}],"line":9}},"s":{"0":3,"1":1,"2":2,"3":2,"4":3,"5":1,"6":2,"7":1,"8":1,"9":4,"10":9,"11":3},"f":{"0":3,"1":3,"2":4,"3":9},"b":{"0":[1,2],"1":[1,2],"2":[3,2],"3":[1,1],"4":[2,1]},"_coverageSchema":"1a1c01bbd47fc00a2c39e90264f33305004495a9","hash":"10dd86225399dbeb59ce02c5206364a7f19d9741"}
,"C:\\Users\\PC\\gerenciadortarefas\\backend\\utils\\validationUtils.js": {"path":"C:\\Users\\PC\\gerenciadortarefas\\backend\\utils\\validationUtils.js","statementMap":{"0":{"start":{"line":2,"column":4},"end":{"line":2,"column":66}},"1":{"start":{"line":2,"column":39},"end":{"line":2,"column":66}},"2":{"start":{"line":3,"column":4},"end":{"line":3,"column":66}},"3":{"start":{"line":3,"column":39},"end":{"line":3,"column":66}},"4":{"start":{"line":4,"column":4},"end":{"line":4,"column":16}},"5":{"start":{"line":7,"column":0},"end":{"line":9,"column":2}}},"fnMap":{"0":{"name":"validarLogin","decl":{"start":{"line":1,"column":9},"end":{"line":1,"column":21}},"loc":{"start":{"line":1,"column":36},"end":{"line":5,"column":1}},"line":1}},"branchMap":{"0":{"loc":{"start":{"line":2,"column":4},"end":{"line":2,"column":66}},"type":"if","locations":[{"start":{"line":2,"column":4},"end":{"line":2,"column":66}},{"start":{},"end":{}}],"line":2},"1":{"loc":{"start":{"line":2,"column":8},"end":{"line":2,"column":37}},"type":"binary-expr","locations":[{"start":{"line":2,"column":8},"end":{"line":2,"column":14}},{"start":{"line":2,"column":18},"end":{"line":2,"column":37}}],"line":2},"2":{"loc":{"start":{"line":3,"column":4},"end":{"line":3,"column":66}},"type":"if","locations":[{"start":{"line":3,"column":4},"end":{"line":3,"column":66}},{"start":{},"end":{}}],"line":3},"3":{"loc":{"start":{"line":3,"column":8},"end":{"line":3,"column":37}},"type":"binary-expr","locations":[{"start":{"line":3,"column":8},"end":{"line":3,"column":14}},{"start":{"line":3,"column":18},"end":{"line":3,"column":37}}],"line":3}},"s":{"0":3,"1":1,"2":2,"3":1,"4":1,"5":1},"f":{"0":3},"b":{"0":[1,2],"1":[3,2],"2":[1,1],"3":[2,1]},"_coverageSchema":"1a1c01bbd47fc00a2c39e90264f33305004495a9","hash":"46ac77ded8239644d2ba34190952a8830035dfc0"}
}
