TN:
SF:backend\middleware\authMiddleware.js
FN:3,(anonymous_0)
FNF:1
FNH:1
FNDA:4,(anonymous_0)
DA:1,2
DA:3,2
DA:5,4
DA:8,4
DA:9,1
DA:12,3
DA:14,3
DA:16,3
DA:17,2
DA:18,2
DA:20,1
LF:11
LH:11
BRDA:8,0,0,1
BRDA:8,0,1,3
BRDA:8,1,0,4
BRDA:8,1,1,3
BRF:4
BRH:4
end_of_record
TN:
SF:backend\models\ActivityLog.js
FN:4,(anonymous_0)
FN:15,(anonymous_1)
FNF:2
FNH:1
FNDA:0,(anonymous_0)
FNDA:1,(anonymous_1)
DA:1,1
DA:3,1
DA:5,0
DA:11,0
DA:12,0
DA:16,1
DA:21,1
DA:22,1
DA:26,1
LF:9
LH:6
BRF:0
BRH:0
end_of_record
TN:
SF:backend\models\Comment.js
FN:4,(anonymous_0)
FN:16,(anonymous_1)
FNF:2
FNH:0
FNDA:0,(anonymous_0)
FNDA:0,(anonymous_1)
DA:1,1
DA:3,1
DA:5,0
DA:12,0
DA:13,0
DA:17,0
DA:22,0
DA:23,0
DA:27,1
LF:9
LH:3
BRF:0
BRH:0
end_of_record
TN:
SF:backend\models\Task.js
FN:10,(anonymous_0)
FN:26,(anonymous_1)
FN:39,(anonymous_2)
FN:54,(anonymous_3)
FN:57,(anonymous_4)
FN:72,(anonymous_5)
FNF:6
FNH:1
FNDA:1,(anonymous_0)
FNDA:0,(anonymous_1)
FNDA:0,(anonymous_2)
FNDA:0,(anonymous_3)
FNDA:0,(anonymous_4)
FNDA:0,(anonymous_5)
DA:1,1
DA:3,1
DA:11,1
DA:12,1
DA:18,1
DA:27,0
DA:31,0
DA:40,0
DA:44,0
DA:57,0
DA:58,0
DA:60,0
DA:62,0
DA:63,0
DA:73,0
DA:77,0
DA:81,1
LF:17
LH:6
BRF:0
BRH:0
end_of_record
TN:
SF:backend\models\User.js
FN:10,(anonymous_0)
FN:36,(anonymous_1)
FN:48,(anonymous_2)
FN:60,(anonymous_3)
FNF:4
FNH:1
FNDA:0,(anonymous_0)
FNDA:1,(anonymous_1)
FNDA:0,(anonymous_2)
FNDA:0,(anonymous_3)
DA:1,1
DA:3,1
DA:11,0
DA:12,0
DA:16,0
DA:18,0
DA:19,0
DA:20,0
DA:22,0
DA:23,0
DA:27,0
DA:37,1
DA:41,1
DA:49,0
DA:53,0
DA:61,0
DA:65,0
DA:69,1
LF:18
LH:5
BRDA:18,0,0,0
BRDA:18,0,1,0
BRDA:19,1,0,0
BRDA:19,1,1,0
BRDA:22,2,0,0
BRDA:22,2,1,0
BRF:6
BRH:0
end_of_record
TN:
SF:backend\utils\taskUtils.js
FN:1,formatarData
FN:7,validarCamposTarefa
FNF:2
FNH:2
FNDA:3,formatarData
FNDA:3,validarCamposTarefa
DA:2,3
DA:3,2
DA:4,2
DA:8,3
DA:9,2
DA:10,1
DA:13,2
LF:7
LH:7
BRDA:2,0,0,1
BRDA:2,0,1,2
BRDA:8,1,0,1
BRDA:8,1,1,2
BRDA:8,2,0,3
BRDA:8,2,1,2
BRDA:9,3,0,1
BRDA:9,3,1,1
BRDA:9,4,0,2
BRDA:9,4,1,1
BRF:10
BRH:10
end_of_record
TN:
SF:backend\utils\validationUtils.js
FN:1,validarLogin
FNF:1
FNH:1
FNDA:3,validarLogin
DA:2,3
DA:3,2
DA:4,1
DA:7,1
LF:4
LH:4
BRDA:2,0,0,1
BRDA:2,0,1,2
BRDA:2,1,0,3
BRDA:2,1,1,2
BRDA:3,2,0,1
BRDA:3,2,1,1
BRDA:3,3,0,2
BRDA:3,3,1,1
BRF:8
BRH:8
end_of_record
