TN:
SF:backend\middleware\authMiddleware.js
FN:3,(anonymous_0)
FNF:1
FNH:1
FNDA:3,(anonymous_0)
DA:1,1
DA:3,1
DA:5,3
DA:8,3
DA:9,1
DA:12,2
DA:14,2
DA:16,2
DA:17,1
DA:18,1
DA:20,1
LF:11
LH:11
BRDA:8,0,0,1
BRDA:8,0,1,2
BRDA:8,1,0,3
BRDA:8,1,1,2
BRF:4
BRH:4
end_of_record
TN:
SF:backend\utils\taskUtils.js
FN:1,formatarData
FN:7,validarCamposTarefa
FNF:2
FNH:2
FNDA:3,formatarData
FNDA:3,validarCamposTarefa
DA:2,3
DA:3,2
DA:4,2
DA:8,3
DA:9,2
DA:10,1
DA:13,2
LF:7
LH:7
BRDA:2,0,0,1
BRDA:2,0,1,2
BRDA:8,1,0,1
BRDA:8,1,1,2
BRDA:8,2,0,3
BRDA:8,2,1,2
BRDA:9,3,0,1
BRDA:9,3,1,1
BRDA:9,4,0,2
BRDA:9,4,1,1
BRF:10
BRH:10
end_of_record
TN:
SF:backend\utils\validationUtils.js
FN:1,validarLogin
FNF:1
FNH:1
FNDA:3,validarLogin
DA:2,3
DA:3,2
DA:4,1
DA:7,1
LF:4
LH:4
BRDA:2,0,0,1
BRDA:2,0,1,2
BRDA:2,1,0,3
BRDA:2,1,1,2
BRDA:3,2,0,1
BRDA:3,2,1,1
BRDA:3,3,0,2
BRDA:3,3,1,1
BRF:8
BRH:8
end_of_record
